2022-09-28 21:48:01,486:INFO:PyCaret Supervised Module
2022-09-28 21:48:01,486:INFO:ML Usecase: regression
2022-09-28 21:48:01,486:INFO:version 2.2.2
2022-09-28 21:48:01,486:INFO:Initializing setup()
2022-09-28 21:48:01,487:INFO:setup(target=hypertension, ml_usecase=regression, available_plots={'parameter': 'Hyperparameters', 'residuals': 'Residuals', 'error': 'Prediction Error', 'cooks': 'Cooks Distance', 'rfe': 'Feature Selection', 'learning': 'Learning Curve', 'manifold': 'Manifold Learning', 'vc': 'Validation Curve', 'feature': 'Feature Importance', 'feature_all': 'Feature Importance (All)', 'tree': 'Decision Tree'}, train_size=0.7, test_data=None, preprocess=True, imputation_type=simple, iterative_imputation_iters=5, categorical_features=None, categorical_imputation=constant, categorical_iterative_imputer=lightgbm, ordinal_features=None, high_cardinality_features=None, high_cardinality_method=frequency, numeric_features=None, numeric_imputation=mean, numeric_iterative_imputer=lightgbm, date_features=None, ignore_features=None, normalize=False, normalize_method=zscore, transformation=False, transformation_method=yeo-johnson, handle_unknown_categorical=True, unknown_categorical_method=least_frequent, pca=False, pca_method=linear, pca_components=None, ignore_low_variance=False, combine_rare_levels=False, rare_level_threshold=0.1, bin_numeric_features=None, remove_outliers=False, outliers_threshold=0.05, remove_multicollinearity=False, multicollinearity_threshold=0.9, remove_perfect_collinearity=True, create_clusters=False, cluster_iter=20, polynomial_features=False, polynomial_degree=2, trigonometry_features=False, polynomial_threshold=0.1, group_features=None, group_names=None, feature_selection=False, feature_selection_threshold=0.8, feature_selection_method=classic, feature_interaction=False, feature_ratio=False, interaction_threshold=0.01, fix_imbalance=False, fix_imbalance_method=None, transform_target=False, transform_target_method=box-cox, data_split_shuffle=True, data_split_stratify=False, fold_strategy=kfold, fold=10, fold_shuffle=True, fold_groups=None, n_jobs=-1, use_gpu=False, custom_pipeline=None, html=True, session_id=2, log_experiment=False, experiment_name=None, log_plots=False, log_profile=False, log_data=False, silent=False, verbose=True, profile=False, profile_kwargs=None, display=None)
2022-09-28 21:48:01,487:INFO:Checking environment
2022-09-28 21:48:01,487:INFO:python_version: 3.9.12
2022-09-28 21:48:01,487:INFO:python_build: ('main', 'Apr  4 2022 05:22:27')
2022-09-28 21:48:01,487:INFO:machine: AMD64
2022-09-28 21:48:01,487:INFO:platform: Windows-10-10.0.19044-SP0
2022-09-28 21:48:01,487:INFO:Memory: svmem(total=16959000576, available=9896075264, percent=41.6, used=7062925312, free=9896075264)
2022-09-28 21:48:01,487:INFO:Physical Core: 4
2022-09-28 21:48:01,487:INFO:Logical Core: 8
2022-09-28 21:48:01,487:INFO:Checking libraries
2022-09-28 21:48:01,487:INFO:pd==1.4.2
2022-09-28 21:48:01,487:INFO:numpy==1.21.5
2022-09-28 21:48:01,487:INFO:sklearn==1.1.2
2022-09-28 21:48:01,598:INFO:xgboost==1.6.1
2022-09-28 21:48:01,598:INFO:lightgbm==3.3.2
2022-09-28 21:48:02,025:INFO:catboost==1.0.6
2022-09-28 21:48:02,907:INFO:mlflow==1.28.0
2022-09-28 21:48:02,907:INFO:Checking Exceptions
2022-09-28 21:48:02,907:INFO:Declaring global variables
2022-09-28 21:48:02,907:INFO:USI: 0609
2022-09-28 21:48:02,907:INFO:pycaret_globals: {'fold_generator', 'stratify_param', 'display_container', 'fix_imbalance_method_param', 'seed', 'n_jobs_param', 'X_train', 'USI', '_internal_pipeline', '_all_metrics', 'imputation_classifier', '_available_plots', 'imputation_regressor', 'fold_shuffle_param', '_gpu_n_jobs_param', 'y_train', 'X_test', 'fold_param', '_ml_usecase', 'prep_pipe', 'y', 'gpu_param', 'y_test', 'master_model_container', 'exp_name_log', '_all_models', 'transform_target_method_param', 'fold_groups_param', 'iterative_imputation_iters_param', 'experiment__', 'target_param', 'html_param', 'X', 'transform_target_param', 'fix_imbalance_param', 'create_model_container', '_all_models_internal', 'logging_param', 'pycaret_globals', 'log_plots_param', 'data_before_preprocess'}
2022-09-28 21:48:02,907:INFO:Preparing display monitor
2022-09-28 21:48:02,907:INFO:Preparing display monitor
2022-09-28 21:48:02,916:INFO:Importing libraries
2022-09-28 21:48:02,916:INFO:Copying data for preprocessing
2022-09-28 21:48:02,921:INFO:Declaring preprocessing parameters
2022-09-28 21:48:02,925:INFO:Creating preprocessing pipeline
2022-09-28 21:48:02,934:INFO:Preprocessing pipeline created successfully
2022-09-28 21:48:02,934:ERROR:(Process Exit): setup has been interupted with user command 'quit'. setup must rerun.
2022-09-28 21:48:02,934:INFO:Creating global containers
2022-09-28 21:48:02,937:INFO:Internal pipeline: Pipeline(memory=None, steps=[('empty_step', 'passthrough')], verbose=False)
2022-09-28 21:48:08,789:INFO:Creating grid variables
2022-09-28 21:48:08,802:INFO:create_model_container: 0
2022-09-28 21:48:08,802:INFO:master_model_container: 0
2022-09-28 21:48:08,802:INFO:display_container: 0
2022-09-28 21:48:45,668:INFO:PyCaret Supervised Module
2022-09-28 21:48:45,669:INFO:ML Usecase: regression
2022-09-28 21:48:45,669:INFO:version 2.2.2
2022-09-28 21:48:45,669:INFO:Initializing setup()
2022-09-28 21:48:45,669:INFO:setup(target=hypertension, ml_usecase=regression, available_plots={'parameter': 'Hyperparameters', 'residuals': 'Residuals', 'error': 'Prediction Error', 'cooks': 'Cooks Distance', 'rfe': 'Feature Selection', 'learning': 'Learning Curve', 'manifold': 'Manifold Learning', 'vc': 'Validation Curve', 'feature': 'Feature Importance', 'feature_all': 'Feature Importance (All)', 'tree': 'Decision Tree'}, train_size=0.7, test_data=None, preprocess=True, imputation_type=simple, iterative_imputation_iters=5, categorical_features=None, categorical_imputation=constant, categorical_iterative_imputer=lightgbm, ordinal_features=None, high_cardinality_features=None, high_cardinality_method=frequency, numeric_features=None, numeric_imputation=mean, numeric_iterative_imputer=lightgbm, date_features=None, ignore_features=None, normalize=False, normalize_method=zscore, transformation=False, transformation_method=yeo-johnson, handle_unknown_categorical=True, unknown_categorical_method=least_frequent, pca=False, pca_method=linear, pca_components=None, ignore_low_variance=False, combine_rare_levels=False, rare_level_threshold=0.1, bin_numeric_features=None, remove_outliers=False, outliers_threshold=0.05, remove_multicollinearity=False, multicollinearity_threshold=0.9, remove_perfect_collinearity=True, create_clusters=False, cluster_iter=20, polynomial_features=False, polynomial_degree=2, trigonometry_features=False, polynomial_threshold=0.1, group_features=None, group_names=None, feature_selection=False, feature_selection_threshold=0.8, feature_selection_method=classic, feature_interaction=False, feature_ratio=False, interaction_threshold=0.01, fix_imbalance=False, fix_imbalance_method=None, transform_target=False, transform_target_method=box-cox, data_split_shuffle=True, data_split_stratify=False, fold_strategy=kfold, fold=10, fold_shuffle=True, fold_groups=None, n_jobs=-1, use_gpu=False, custom_pipeline=None, html=True, session_id=2, log_experiment=False, experiment_name=None, log_plots=False, log_profile=False, log_data=False, silent=False, verbose=True, profile=False, profile_kwargs=None, display=None)
2022-09-28 21:48:45,669:INFO:Checking environment
2022-09-28 21:48:45,669:INFO:python_version: 3.9.12
2022-09-28 21:48:45,669:INFO:python_build: ('main', 'Apr  4 2022 05:22:27')
2022-09-28 21:48:45,669:INFO:machine: AMD64
2022-09-28 21:48:45,669:INFO:platform: Windows-10-10.0.19044-SP0
2022-09-28 21:48:45,669:INFO:Memory: svmem(total=16959000576, available=9880444928, percent=41.7, used=7078555648, free=9880444928)
2022-09-28 21:48:45,669:INFO:Physical Core: 4
2022-09-28 21:48:45,670:INFO:Logical Core: 8
2022-09-28 21:48:45,670:INFO:Checking libraries
2022-09-28 21:48:45,670:INFO:pd==1.4.2
2022-09-28 21:48:45,670:INFO:numpy==1.21.5
2022-09-28 21:48:45,670:INFO:sklearn==1.1.2
2022-09-28 21:48:45,689:INFO:xgboost==1.6.1
2022-09-28 21:48:45,689:INFO:lightgbm==3.3.2
2022-09-28 21:48:45,705:INFO:catboost==1.0.6
2022-09-28 21:48:46,391:INFO:mlflow==1.28.0
2022-09-28 21:48:46,391:INFO:Checking Exceptions
2022-09-28 21:48:46,391:INFO:Declaring global variables
2022-09-28 21:48:46,391:INFO:USI: 85c7
2022-09-28 21:48:46,391:INFO:pycaret_globals: {'transform_target_param', '_all_models', 'X_test', '_gpu_n_jobs_param', 'transform_target_method_param', 'experiment__', 'html_param', 'target_param', 'USI', 'n_jobs_param', 'fold_shuffle_param', 'pycaret_globals', 'fix_imbalance_method_param', 'log_plots_param', '_internal_pipeline', 'fix_imbalance_param', '_all_models_internal', '_available_plots', 'seed', 'y_train', 'stratify_param', 'exp_name_log', 'X', 'X_train', 'data_before_preprocess', 'logging_param', 'y_test', '_ml_usecase', 'iterative_imputation_iters_param', 'y', 'display_container', 'fold_groups_param', 'create_model_container', 'master_model_container', 'fold_param', 'imputation_classifier', 'fold_generator', 'imputation_regressor', '_all_metrics', 'gpu_param', 'prep_pipe'}
2022-09-28 21:48:46,391:INFO:Preparing display monitor
2022-09-28 21:48:46,391:INFO:Preparing display monitor
2022-09-28 21:48:46,404:INFO:Importing libraries
2022-09-28 21:48:46,404:INFO:Copying data for preprocessing
2022-09-28 21:48:46,410:INFO:Declaring preprocessing parameters
2022-09-28 21:48:46,412:INFO:Creating preprocessing pipeline
2022-09-28 21:48:46,419:INFO:Preprocessing pipeline created successfully
2022-09-28 21:48:46,420:ERROR:(Process Exit): setup has been interupted with user command 'quit'. setup must rerun.
2022-09-28 21:48:46,420:INFO:Creating global containers
2022-09-28 21:48:46,421:INFO:Internal pipeline: Pipeline(memory=None, steps=[('empty_step', 'passthrough')], verbose=False)
2022-09-28 21:48:55,363:INFO:Creating grid variables
2022-09-28 21:48:55,374:INFO:create_model_container: 0
2022-09-28 21:48:55,374:INFO:master_model_container: 0
2022-09-28 21:48:55,374:INFO:display_container: 0
2022-09-28 21:56:23,782:INFO:PyCaret Supervised Module
2022-09-28 21:56:23,783:INFO:ML Usecase: regression
2022-09-28 21:56:23,783:INFO:version 2.2.2
2022-09-28 21:56:23,783:INFO:Initializing setup()
2022-09-28 21:56:23,783:INFO:setup(target=hypertension, ml_usecase=regression, available_plots={'parameter': 'Hyperparameters', 'residuals': 'Residuals', 'error': 'Prediction Error', 'cooks': 'Cooks Distance', 'rfe': 'Feature Selection', 'learning': 'Learning Curve', 'manifold': 'Manifold Learning', 'vc': 'Validation Curve', 'feature': 'Feature Importance', 'feature_all': 'Feature Importance (All)', 'tree': 'Decision Tree'}, train_size=0.7, test_data=None, preprocess=True, imputation_type=simple, iterative_imputation_iters=5, categorical_features=None, categorical_imputation=constant, categorical_iterative_imputer=lightgbm, ordinal_features=None, high_cardinality_features=None, high_cardinality_method=frequency, numeric_features=None, numeric_imputation=mean, numeric_iterative_imputer=lightgbm, date_features=None, ignore_features=None, normalize=False, normalize_method=zscore, transformation=False, transformation_method=yeo-johnson, handle_unknown_categorical=True, unknown_categorical_method=least_frequent, pca=False, pca_method=linear, pca_components=None, ignore_low_variance=False, combine_rare_levels=False, rare_level_threshold=0.1, bin_numeric_features=None, remove_outliers=False, outliers_threshold=0.05, remove_multicollinearity=False, multicollinearity_threshold=0.9, remove_perfect_collinearity=True, create_clusters=False, cluster_iter=20, polynomial_features=False, polynomial_degree=2, trigonometry_features=False, polynomial_threshold=0.1, group_features=None, group_names=None, feature_selection=False, feature_selection_threshold=0.8, feature_selection_method=classic, feature_interaction=False, feature_ratio=False, interaction_threshold=0.01, fix_imbalance=False, fix_imbalance_method=None, transform_target=False, transform_target_method=box-cox, data_split_shuffle=True, data_split_stratify=False, fold_strategy=kfold, fold=10, fold_shuffle=True, fold_groups=None, n_jobs=-1, use_gpu=False, custom_pipeline=None, html=True, session_id=2, log_experiment=False, experiment_name=None, log_plots=False, log_profile=False, log_data=False, silent=False, verbose=True, profile=False, profile_kwargs=None, display=None)
2022-09-28 21:56:23,783:INFO:Checking environment
2022-09-28 21:56:23,783:INFO:python_version: 3.9.12
2022-09-28 21:56:23,783:INFO:python_build: ('main', 'Apr  4 2022 05:22:27')
2022-09-28 21:56:23,783:INFO:machine: AMD64
2022-09-28 21:56:23,783:INFO:platform: Windows-10-10.0.19044-SP0
2022-09-28 21:56:23,784:INFO:Memory: svmem(total=16959000576, available=9895641088, percent=41.6, used=7063359488, free=9895641088)
2022-09-28 21:56:23,784:INFO:Physical Core: 4
2022-09-28 21:56:23,784:INFO:Logical Core: 8
2022-09-28 21:56:23,784:INFO:Checking libraries
2022-09-28 21:56:23,784:INFO:pd==1.4.2
2022-09-28 21:56:23,784:INFO:numpy==1.21.5
2022-09-28 21:56:23,784:INFO:sklearn==1.1.2
2022-09-28 21:56:23,806:INFO:xgboost==1.6.1
2022-09-28 21:56:23,806:INFO:lightgbm==3.3.2
2022-09-28 21:56:23,822:INFO:catboost==1.0.6
2022-09-28 21:56:24,459:INFO:mlflow==1.28.0
2022-09-28 21:56:24,459:INFO:Checking Exceptions
2022-09-28 21:56:24,459:INFO:Declaring global variables
2022-09-28 21:56:24,459:INFO:USI: aaed
2022-09-28 21:56:24,459:INFO:pycaret_globals: {'y_test', '_internal_pipeline', 'USI', 'exp_name_log', 'fold_param', '_gpu_n_jobs_param', 'fold_shuffle_param', 'y', 'display_container', 'stratify_param', 'experiment__', 'gpu_param', '_all_models', 'imputation_regressor', 'iterative_imputation_iters_param', 'transform_target_method_param', 'data_before_preprocess', 'logging_param', 'transform_target_param', 'X_train', 'target_param', 'n_jobs_param', 'seed', 'create_model_container', 'prep_pipe', 'X_test', 'X', 'fold_groups_param', '_all_models_internal', 'html_param', 'fix_imbalance_param', 'log_plots_param', 'fold_generator', '_all_metrics', '_ml_usecase', 'imputation_classifier', 'pycaret_globals', 'master_model_container', 'fix_imbalance_method_param', 'y_train', '_available_plots'}
2022-09-28 21:56:24,459:INFO:Preparing display monitor
2022-09-28 21:56:24,459:INFO:Preparing display monitor
2022-09-28 21:56:24,471:INFO:Importing libraries
2022-09-28 21:56:24,471:INFO:Copying data for preprocessing
2022-09-28 21:56:24,478:INFO:Declaring preprocessing parameters
2022-09-28 21:56:24,479:INFO:Creating preprocessing pipeline
2022-09-28 21:56:24,487:INFO:Preprocessing pipeline created successfully
2022-09-28 21:56:24,488:ERROR:(Process Exit): setup has been interupted with user command 'quit'. setup must rerun.
2022-09-28 21:56:24,488:INFO:Creating global containers
2022-09-28 21:56:24,489:INFO:Internal pipeline: Pipeline(memory=None, steps=[('empty_step', 'passthrough')], verbose=False)
2022-09-28 21:56:54,426:INFO:PyCaret Supervised Module
2022-09-28 21:56:54,426:INFO:ML Usecase: regression
2022-09-28 21:56:54,426:INFO:version 2.2.2
2022-09-28 21:56:54,426:INFO:Initializing setup()
2022-09-28 21:56:54,426:INFO:setup(target=hypertension, ml_usecase=regression, available_plots={'parameter': 'Hyperparameters', 'residuals': 'Residuals', 'error': 'Prediction Error', 'cooks': 'Cooks Distance', 'rfe': 'Feature Selection', 'learning': 'Learning Curve', 'manifold': 'Manifold Learning', 'vc': 'Validation Curve', 'feature': 'Feature Importance', 'feature_all': 'Feature Importance (All)', 'tree': 'Decision Tree'}, train_size=0.7, test_data=None, preprocess=True, imputation_type=simple, iterative_imputation_iters=5, categorical_features=None, categorical_imputation=constant, categorical_iterative_imputer=lightgbm, ordinal_features=None, high_cardinality_features=None, high_cardinality_method=frequency, numeric_features=None, numeric_imputation=mean, numeric_iterative_imputer=lightgbm, date_features=None, ignore_features=None, normalize=False, normalize_method=zscore, transformation=False, transformation_method=yeo-johnson, handle_unknown_categorical=True, unknown_categorical_method=least_frequent, pca=False, pca_method=linear, pca_components=None, ignore_low_variance=False, combine_rare_levels=False, rare_level_threshold=0.1, bin_numeric_features=None, remove_outliers=False, outliers_threshold=0.05, remove_multicollinearity=False, multicollinearity_threshold=0.9, remove_perfect_collinearity=True, create_clusters=False, cluster_iter=20, polynomial_features=False, polynomial_degree=2, trigonometry_features=False, polynomial_threshold=0.1, group_features=None, group_names=None, feature_selection=False, feature_selection_threshold=0.8, feature_selection_method=classic, feature_interaction=False, feature_ratio=False, interaction_threshold=0.01, fix_imbalance=False, fix_imbalance_method=None, transform_target=False, transform_target_method=box-cox, data_split_shuffle=True, data_split_stratify=False, fold_strategy=kfold, fold=10, fold_shuffle=True, fold_groups=None, n_jobs=-1, use_gpu=False, custom_pipeline=None, html=True, session_id=2, log_experiment=False, experiment_name=None, log_plots=False, log_profile=False, log_data=False, silent=False, verbose=True, profile=False, profile_kwargs=None, display=None)
2022-09-28 21:56:54,426:INFO:Checking environment
2022-09-28 21:56:54,426:INFO:python_version: 3.9.12
2022-09-28 21:56:54,426:INFO:python_build: ('main', 'Apr  4 2022 05:22:27')
2022-09-28 21:56:54,427:INFO:machine: AMD64
2022-09-28 21:56:54,427:INFO:platform: Windows-10-10.0.19044-SP0
2022-09-28 21:56:54,427:INFO:Memory: svmem(total=16959000576, available=9890095104, percent=41.7, used=7068905472, free=9890095104)
2022-09-28 21:56:54,427:INFO:Physical Core: 4
2022-09-28 21:56:54,427:INFO:Logical Core: 8
2022-09-28 21:56:54,427:INFO:Checking libraries
2022-09-28 21:56:54,427:INFO:pd==1.4.2
2022-09-28 21:56:54,427:INFO:numpy==1.21.5
2022-09-28 21:56:54,427:INFO:sklearn==1.1.2
2022-09-28 21:56:54,448:INFO:xgboost==1.6.1
2022-09-28 21:56:54,449:INFO:lightgbm==3.3.2
2022-09-28 21:56:54,465:INFO:catboost==1.0.6
2022-09-28 21:56:55,113:INFO:mlflow==1.28.0
2022-09-28 21:56:55,113:INFO:Checking Exceptions
2022-09-28 21:56:55,113:INFO:Declaring global variables
2022-09-28 21:56:55,113:INFO:USI: 81d7
2022-09-28 21:56:55,113:INFO:pycaret_globals: {'seed', '_all_models', 'X_test', 'logging_param', 'pycaret_globals', 'fold_shuffle_param', 'master_model_container', 'display_container', 'y_test', 'target_param', 'y_train', 'html_param', 'gpu_param', 'experiment__', 'fold_groups_param', 'imputation_classifier', 'fold_generator', 'log_plots_param', 'fix_imbalance_param', 'X', '_all_models_internal', '_ml_usecase', 'transform_target_method_param', '_internal_pipeline', 'stratify_param', 'n_jobs_param', 'fold_param', '_gpu_n_jobs_param', 'create_model_container', 'imputation_regressor', 'X_train', 'data_before_preprocess', 'prep_pipe', 'y', 'transform_target_param', 'USI', 'exp_name_log', '_all_metrics', 'fix_imbalance_method_param', 'iterative_imputation_iters_param', '_available_plots'}
2022-09-28 21:56:55,113:INFO:Preparing display monitor
2022-09-28 21:56:55,113:INFO:Preparing display monitor
2022-09-28 21:56:55,127:INFO:Importing libraries
2022-09-28 21:56:55,128:INFO:Copying data for preprocessing
2022-09-28 21:56:55,134:INFO:Declaring preprocessing parameters
2022-09-28 21:56:55,137:INFO:Creating preprocessing pipeline
2022-09-28 21:56:55,145:INFO:Preprocessing pipeline created successfully
2022-09-28 21:56:55,145:ERROR:(Process Exit): setup has been interupted with user command 'quit'. setup must rerun.
2022-09-28 21:56:55,146:INFO:Creating global containers
2022-09-28 21:56:55,147:INFO:Internal pipeline: Pipeline(memory=None, steps=[('empty_step', 'passthrough')], verbose=False)
2022-09-28 21:57:01,025:INFO:Creating grid variables
2022-09-28 21:57:01,035:INFO:create_model_container: 0
2022-09-28 21:57:01,035:INFO:master_model_container: 0
2022-09-28 21:57:01,035:INFO:display_container: 0
2022-09-28 22:20:15,148:INFO:PyCaret Supervised Module
2022-09-28 22:20:15,148:INFO:ML Usecase: regression
2022-09-28 22:20:15,148:INFO:version 2.2.2
2022-09-28 22:20:15,148:INFO:Initializing setup()
2022-09-28 22:20:15,148:INFO:setup(target=price, ml_usecase=regression, available_plots={'parameter': 'Hyperparameters', 'residuals': 'Residuals', 'error': 'Prediction Error', 'cooks': 'Cooks Distance', 'rfe': 'Feature Selection', 'learning': 'Learning Curve', 'manifold': 'Manifold Learning', 'vc': 'Validation Curve', 'feature': 'Feature Importance', 'feature_all': 'Feature Importance (All)', 'tree': 'Decision Tree'}, train_size=0.7, test_data=None, preprocess=True, imputation_type=simple, iterative_imputation_iters=5, categorical_features=None, categorical_imputation=constant, categorical_iterative_imputer=lightgbm, ordinal_features=None, high_cardinality_features=None, high_cardinality_method=frequency, numeric_features=None, numeric_imputation=mean, numeric_iterative_imputer=lightgbm, date_features=None, ignore_features=None, normalize=False, normalize_method=zscore, transformation=False, transformation_method=yeo-johnson, handle_unknown_categorical=True, unknown_categorical_method=least_frequent, pca=False, pca_method=linear, pca_components=None, ignore_low_variance=False, combine_rare_levels=False, rare_level_threshold=0.1, bin_numeric_features=None, remove_outliers=False, outliers_threshold=0.05, remove_multicollinearity=False, multicollinearity_threshold=0.9, remove_perfect_collinearity=True, create_clusters=False, cluster_iter=20, polynomial_features=False, polynomial_degree=2, trigonometry_features=False, polynomial_threshold=0.1, group_features=None, group_names=None, feature_selection=False, feature_selection_threshold=0.8, feature_selection_method=classic, feature_interaction=False, feature_ratio=False, interaction_threshold=0.01, fix_imbalance=False, fix_imbalance_method=None, transform_target=False, transform_target_method=box-cox, data_split_shuffle=True, data_split_stratify=False, fold_strategy=kfold, fold=10, fold_shuffle=True, fold_groups=None, n_jobs=-1, use_gpu=False, custom_pipeline=None, html=True, session_id=2, log_experiment=False, experiment_name=None, log_plots=False, log_profile=False, log_data=False, silent=False, verbose=True, profile=False, profile_kwargs=None, display=None)
2022-09-28 22:20:15,148:INFO:Checking environment
2022-09-28 22:20:15,148:INFO:python_version: 3.9.12
2022-09-28 22:20:15,148:INFO:python_build: ('main', 'Apr  4 2022 05:22:27')
2022-09-28 22:20:15,148:INFO:machine: AMD64
2022-09-28 22:20:15,148:INFO:platform: Windows-10-10.0.19044-SP0
2022-09-28 22:20:15,148:INFO:Memory: svmem(total=16959000576, available=9541746688, percent=43.7, used=7417253888, free=9541746688)
2022-09-28 22:20:15,148:INFO:Physical Core: 4
2022-09-28 22:20:15,149:INFO:Logical Core: 8
2022-09-28 22:20:15,149:INFO:Checking libraries
2022-09-28 22:20:15,149:INFO:pd==1.4.2
2022-09-28 22:20:15,149:INFO:numpy==1.21.5
2022-09-28 22:20:15,149:INFO:sklearn==1.1.2
2022-09-28 22:20:15,171:INFO:xgboost==1.6.1
2022-09-28 22:20:15,172:INFO:lightgbm==3.3.2
2022-09-28 22:20:15,191:INFO:catboost==1.0.6
2022-09-28 22:20:15,834:INFO:mlflow==1.28.0
2022-09-28 22:20:15,835:INFO:Checking Exceptions
2022-09-28 22:20:30,053:INFO:PyCaret Supervised Module
2022-09-28 22:20:30,053:INFO:ML Usecase: regression
2022-09-28 22:20:30,053:INFO:version 2.2.2
2022-09-28 22:20:30,053:INFO:Initializing setup()
2022-09-28 22:20:30,053:INFO:setup(target=stroke, ml_usecase=regression, available_plots={'parameter': 'Hyperparameters', 'residuals': 'Residuals', 'error': 'Prediction Error', 'cooks': 'Cooks Distance', 'rfe': 'Feature Selection', 'learning': 'Learning Curve', 'manifold': 'Manifold Learning', 'vc': 'Validation Curve', 'feature': 'Feature Importance', 'feature_all': 'Feature Importance (All)', 'tree': 'Decision Tree'}, train_size=0.7, test_data=None, preprocess=True, imputation_type=simple, iterative_imputation_iters=5, categorical_features=None, categorical_imputation=constant, categorical_iterative_imputer=lightgbm, ordinal_features=None, high_cardinality_features=None, high_cardinality_method=frequency, numeric_features=None, numeric_imputation=mean, numeric_iterative_imputer=lightgbm, date_features=None, ignore_features=None, normalize=False, normalize_method=zscore, transformation=False, transformation_method=yeo-johnson, handle_unknown_categorical=True, unknown_categorical_method=least_frequent, pca=False, pca_method=linear, pca_components=None, ignore_low_variance=False, combine_rare_levels=False, rare_level_threshold=0.1, bin_numeric_features=None, remove_outliers=False, outliers_threshold=0.05, remove_multicollinearity=False, multicollinearity_threshold=0.9, remove_perfect_collinearity=True, create_clusters=False, cluster_iter=20, polynomial_features=False, polynomial_degree=2, trigonometry_features=False, polynomial_threshold=0.1, group_features=None, group_names=None, feature_selection=False, feature_selection_threshold=0.8, feature_selection_method=classic, feature_interaction=False, feature_ratio=False, interaction_threshold=0.01, fix_imbalance=False, fix_imbalance_method=None, transform_target=False, transform_target_method=box-cox, data_split_shuffle=True, data_split_stratify=False, fold_strategy=kfold, fold=10, fold_shuffle=True, fold_groups=None, n_jobs=-1, use_gpu=False, custom_pipeline=None, html=True, session_id=2, log_experiment=False, experiment_name=None, log_plots=False, log_profile=False, log_data=False, silent=False, verbose=True, profile=False, profile_kwargs=None, display=None)
2022-09-28 22:20:30,053:INFO:Checking environment
2022-09-28 22:20:30,053:INFO:python_version: 3.9.12
2022-09-28 22:20:30,054:INFO:python_build: ('main', 'Apr  4 2022 05:22:27')
2022-09-28 22:20:30,054:INFO:machine: AMD64
2022-09-28 22:20:30,054:INFO:platform: Windows-10-10.0.19044-SP0
2022-09-28 22:20:30,054:INFO:Memory: svmem(total=16959000576, available=9505128448, percent=44.0, used=7453872128, free=9505128448)
2022-09-28 22:20:30,054:INFO:Physical Core: 4
2022-09-28 22:20:30,054:INFO:Logical Core: 8
2022-09-28 22:20:30,054:INFO:Checking libraries
2022-09-28 22:20:30,054:INFO:pd==1.4.2
2022-09-28 22:20:30,054:INFO:numpy==1.21.5
2022-09-28 22:20:30,054:INFO:sklearn==1.1.2
2022-09-28 22:20:30,054:INFO:xgboost==1.6.1
2022-09-28 22:20:30,054:INFO:lightgbm==3.3.2
2022-09-28 22:20:30,054:INFO:catboost==1.0.6
2022-09-28 22:20:30,054:INFO:mlflow==1.28.0
2022-09-28 22:20:30,054:INFO:Checking Exceptions
2022-09-28 22:20:30,054:INFO:Declaring global variables
2022-09-28 22:20:30,054:INFO:USI: be7b
2022-09-28 22:20:30,054:INFO:pycaret_globals: {'log_plots_param', 'X_train', 'create_model_container', 'gpu_param', 'pycaret_globals', 'fix_imbalance_param', '_ml_usecase', 'y_test', '_all_metrics', 'prep_pipe', 'iterative_imputation_iters_param', '_all_models_internal', 'USI', 'fold_groups_param', 'html_param', '_all_models', 'n_jobs_param', 'stratify_param', 'exp_name_log', 'fix_imbalance_method_param', 'target_param', 'transform_target_method_param', 'experiment__', 'transform_target_param', 'X_test', 'X', 'y', 'imputation_regressor', 'data_before_preprocess', 'seed', 'fold_shuffle_param', 'master_model_container', 'logging_param', '_internal_pipeline', 'fold_generator', 'y_train', 'fold_param', 'imputation_classifier', 'display_container', '_available_plots', '_gpu_n_jobs_param'}
2022-09-28 22:20:30,054:INFO:Preparing display monitor
2022-09-28 22:20:30,054:INFO:Preparing display monitor
2022-09-28 22:20:30,064:INFO:Importing libraries
2022-09-28 22:20:30,064:INFO:Copying data for preprocessing
2022-09-28 22:20:30,071:INFO:Declaring preprocessing parameters
2022-09-28 22:20:30,072:INFO:Creating preprocessing pipeline
2022-09-28 22:20:30,079:INFO:Preprocessing pipeline created successfully
2022-09-28 22:20:30,079:ERROR:(Process Exit): setup has been interupted with user command 'quit'. setup must rerun.
2022-09-28 22:20:30,080:INFO:Creating global containers
2022-09-28 22:20:30,081:INFO:Internal pipeline: Pipeline(memory=None, steps=[('empty_step', 'passthrough')], verbose=False)
2022-09-28 22:20:35,452:INFO:Creating grid variables
2022-09-28 22:20:35,460:INFO:create_model_container: 0
2022-09-28 22:20:35,460:INFO:master_model_container: 0
2022-09-28 22:20:35,461:INFO:display_container: 0
2022-09-28 22:22:14,948:INFO:PyCaret Supervised Module
2022-09-28 22:22:14,949:INFO:ML Usecase: regression
2022-09-28 22:22:14,949:INFO:version 2.2.2
2022-09-28 22:22:14,949:INFO:Initializing setup()
2022-09-28 22:22:14,949:INFO:setup(target=stroke, ml_usecase=regression, available_plots={'parameter': 'Hyperparameters', 'residuals': 'Residuals', 'error': 'Prediction Error', 'cooks': 'Cooks Distance', 'rfe': 'Feature Selection', 'learning': 'Learning Curve', 'manifold': 'Manifold Learning', 'vc': 'Validation Curve', 'feature': 'Feature Importance', 'feature_all': 'Feature Importance (All)', 'tree': 'Decision Tree'}, train_size=0.7, test_data=None, preprocess=True, imputation_type=simple, iterative_imputation_iters=5, categorical_features=None, categorical_imputation=constant, categorical_iterative_imputer=lightgbm, ordinal_features=None, high_cardinality_features=None, high_cardinality_method=frequency, numeric_features=None, numeric_imputation=mean, numeric_iterative_imputer=lightgbm, date_features=None, ignore_features=None, normalize=False, normalize_method=zscore, transformation=False, transformation_method=yeo-johnson, handle_unknown_categorical=True, unknown_categorical_method=least_frequent, pca=False, pca_method=linear, pca_components=None, ignore_low_variance=False, combine_rare_levels=False, rare_level_threshold=0.1, bin_numeric_features=None, remove_outliers=False, outliers_threshold=0.05, remove_multicollinearity=False, multicollinearity_threshold=0.9, remove_perfect_collinearity=True, create_clusters=False, cluster_iter=20, polynomial_features=False, polynomial_degree=2, trigonometry_features=False, polynomial_threshold=0.1, group_features=None, group_names=None, feature_selection=False, feature_selection_threshold=0.8, feature_selection_method=classic, feature_interaction=False, feature_ratio=False, interaction_threshold=0.01, fix_imbalance=False, fix_imbalance_method=None, transform_target=False, transform_target_method=box-cox, data_split_shuffle=True, data_split_stratify=False, fold_strategy=kfold, fold=10, fold_shuffle=True, fold_groups=None, n_jobs=-1, use_gpu=False, custom_pipeline=None, html=True, session_id=2, log_experiment=False, experiment_name=None, log_plots=False, log_profile=False, log_data=False, silent=False, verbose=True, profile=False, profile_kwargs=None, display=None)
2022-09-28 22:22:14,949:INFO:Checking environment
2022-09-28 22:22:14,949:INFO:python_version: 3.9.12
2022-09-28 22:22:14,949:INFO:python_build: ('main', 'Apr  4 2022 05:22:27')
2022-09-28 22:22:14,949:INFO:machine: AMD64
2022-09-28 22:22:14,949:INFO:platform: Windows-10-10.0.19044-SP0
2022-09-28 22:22:14,949:INFO:Memory: svmem(total=16959000576, available=9517572096, percent=43.9, used=7441428480, free=9517572096)
2022-09-28 22:22:14,949:INFO:Physical Core: 4
2022-09-28 22:22:14,949:INFO:Logical Core: 8
2022-09-28 22:22:14,949:INFO:Checking libraries
2022-09-28 22:22:14,949:INFO:pd==1.4.2
2022-09-28 22:22:14,950:INFO:numpy==1.21.5
2022-09-28 22:22:14,950:INFO:sklearn==1.1.2
2022-09-28 22:22:14,950:INFO:xgboost==1.6.1
2022-09-28 22:22:14,950:INFO:lightgbm==3.3.2
2022-09-28 22:22:14,950:INFO:catboost==1.0.6
2022-09-28 22:22:14,950:INFO:mlflow==1.28.0
2022-09-28 22:22:14,950:INFO:Checking Exceptions
2022-09-28 22:22:14,950:INFO:Declaring global variables
2022-09-28 22:22:14,950:INFO:USI: 691f
2022-09-28 22:22:14,950:INFO:pycaret_globals: {'log_plots_param', 'X_train', 'create_model_container', 'gpu_param', 'pycaret_globals', 'fix_imbalance_param', '_ml_usecase', 'y_test', '_all_metrics', 'prep_pipe', 'iterative_imputation_iters_param', '_all_models_internal', 'USI', 'fold_groups_param', 'html_param', '_all_models', 'n_jobs_param', 'stratify_param', 'exp_name_log', 'fix_imbalance_method_param', 'target_param', 'transform_target_method_param', 'experiment__', 'transform_target_param', 'X_test', 'X', 'y', 'imputation_regressor', 'data_before_preprocess', 'seed', 'fold_shuffle_param', 'master_model_container', 'logging_param', '_internal_pipeline', 'fold_generator', 'y_train', 'fold_param', 'imputation_classifier', 'display_container', '_available_plots', '_gpu_n_jobs_param'}
2022-09-28 22:22:14,950:INFO:Preparing display monitor
2022-09-28 22:22:14,950:INFO:Preparing display monitor
2022-09-28 22:22:14,963:INFO:Importing libraries
2022-09-28 22:22:14,963:INFO:Copying data for preprocessing
2022-09-28 22:22:14,971:INFO:Declaring preprocessing parameters
2022-09-28 22:22:14,972:INFO:Creating preprocessing pipeline
2022-09-28 22:22:14,980:INFO:Preprocessing pipeline created successfully
2022-09-28 22:22:14,981:ERROR:(Process Exit): setup has been interupted with user command 'quit'. setup must rerun.
2022-09-28 22:22:14,981:INFO:Creating global containers
2022-09-28 22:22:14,981:INFO:Internal pipeline: Pipeline(memory=None, steps=[('empty_step', 'passthrough')], verbose=False)
2022-09-28 22:24:46,949:INFO:PyCaret Supervised Module
2022-09-28 22:24:46,949:INFO:ML Usecase: regression
2022-09-28 22:24:46,949:INFO:version 2.2.2
2022-09-28 22:24:46,949:INFO:Initializing setup()
2022-09-28 22:24:46,949:INFO:setup(target=stroke, ml_usecase=regression, available_plots={'parameter': 'Hyperparameters', 'residuals': 'Residuals', 'error': 'Prediction Error', 'cooks': 'Cooks Distance', 'rfe': 'Feature Selection', 'learning': 'Learning Curve', 'manifold': 'Manifold Learning', 'vc': 'Validation Curve', 'feature': 'Feature Importance', 'feature_all': 'Feature Importance (All)', 'tree': 'Decision Tree'}, train_size=0.7, test_data=None, preprocess=True, imputation_type=simple, iterative_imputation_iters=5, categorical_features=None, categorical_imputation=constant, categorical_iterative_imputer=lightgbm, ordinal_features=None, high_cardinality_features=None, high_cardinality_method=frequency, numeric_features=None, numeric_imputation=mean, numeric_iterative_imputer=lightgbm, date_features=None, ignore_features=None, normalize=False, normalize_method=zscore, transformation=False, transformation_method=yeo-johnson, handle_unknown_categorical=True, unknown_categorical_method=least_frequent, pca=False, pca_method=linear, pca_components=None, ignore_low_variance=False, combine_rare_levels=False, rare_level_threshold=0.1, bin_numeric_features=None, remove_outliers=False, outliers_threshold=0.05, remove_multicollinearity=False, multicollinearity_threshold=0.9, remove_perfect_collinearity=True, create_clusters=False, cluster_iter=20, polynomial_features=False, polynomial_degree=2, trigonometry_features=False, polynomial_threshold=0.1, group_features=None, group_names=None, feature_selection=False, feature_selection_threshold=0.8, feature_selection_method=classic, feature_interaction=False, feature_ratio=False, interaction_threshold=0.01, fix_imbalance=False, fix_imbalance_method=None, transform_target=False, transform_target_method=box-cox, data_split_shuffle=True, data_split_stratify=False, fold_strategy=kfold, fold=10, fold_shuffle=True, fold_groups=None, n_jobs=-1, use_gpu=False, custom_pipeline=None, html=True, session_id=2, log_experiment=False, experiment_name=None, log_plots=False, log_profile=False, log_data=False, silent=False, verbose=True, profile=False, profile_kwargs=None, display=None)
2022-09-28 22:24:46,949:INFO:Checking environment
2022-09-28 22:24:46,949:INFO:python_version: 3.9.12
2022-09-28 22:24:46,949:INFO:python_build: ('main', 'Apr  4 2022 05:22:27')
2022-09-28 22:24:46,949:INFO:machine: AMD64
2022-09-28 22:24:46,949:INFO:platform: Windows-10-10.0.19044-SP0
2022-09-28 22:24:46,949:INFO:Memory: svmem(total=16959000576, available=9605677056, percent=43.4, used=7353323520, free=9605677056)
2022-09-28 22:24:46,949:INFO:Physical Core: 4
2022-09-28 22:24:46,949:INFO:Logical Core: 8
2022-09-28 22:24:46,949:INFO:Checking libraries
2022-09-28 22:24:46,950:INFO:pd==1.4.2
2022-09-28 22:24:46,950:INFO:numpy==1.21.5
2022-09-28 22:24:46,950:INFO:sklearn==1.1.2
2022-09-28 22:24:46,971:INFO:xgboost==1.6.1
2022-09-28 22:24:46,971:INFO:lightgbm==3.3.2
2022-09-28 22:24:46,987:INFO:catboost==1.0.6
2022-09-28 22:24:47,634:INFO:mlflow==1.28.0
2022-09-28 22:24:47,635:INFO:Checking Exceptions
2022-09-28 22:24:47,635:INFO:Declaring global variables
2022-09-28 22:24:47,635:INFO:USI: 6cec
2022-09-28 22:24:47,635:INFO:pycaret_globals: {'experiment__', 'y_test', 'logging_param', 'fold_shuffle_param', 'gpu_param', 'X_train', 'target_param', 'master_model_container', 'transform_target_method_param', '_available_plots', 'y_train', 'stratify_param', 'n_jobs_param', 'prep_pipe', '_all_metrics', '_gpu_n_jobs_param', 'y', '_internal_pipeline', 'X_test', 'iterative_imputation_iters_param', 'create_model_container', '_all_models_internal', 'imputation_classifier', 'html_param', 'exp_name_log', 'imputation_regressor', 'fold_param', 'log_plots_param', 'X', 'transform_target_param', 'data_before_preprocess', 'fold_generator', 'pycaret_globals', 'seed', '_ml_usecase', '_all_models', 'USI', 'fix_imbalance_method_param', 'fix_imbalance_param', 'fold_groups_param', 'display_container'}
2022-09-28 22:24:47,635:INFO:Preparing display monitor
2022-09-28 22:24:47,635:INFO:Preparing display monitor
2022-09-28 22:24:47,644:INFO:Importing libraries
2022-09-28 22:24:47,644:INFO:Copying data for preprocessing
2022-09-28 22:24:47,649:INFO:Declaring preprocessing parameters
2022-09-28 22:24:47,651:INFO:Creating preprocessing pipeline
2022-09-28 22:24:47,657:INFO:Preprocessing pipeline created successfully
2022-09-28 22:24:47,657:ERROR:(Process Exit): setup has been interupted with user command 'quit'. setup must rerun.
2022-09-28 22:24:47,657:INFO:Creating global containers
2022-09-28 22:24:47,659:INFO:Internal pipeline: Pipeline(memory=None, steps=[('empty_step', 'passthrough')], verbose=False)
2022-09-28 22:24:59,093:INFO:Creating grid variables
2022-09-28 22:24:59,102:INFO:create_model_container: 0
2022-09-28 22:24:59,102:INFO:master_model_container: 0
2022-09-28 22:24:59,102:INFO:display_container: 0
2022-09-28 22:25:09,765:INFO:PyCaret Supervised Module
2022-09-28 22:25:09,765:INFO:ML Usecase: regression
2022-09-28 22:25:09,765:INFO:version 2.2.2
2022-09-28 22:25:09,765:INFO:Initializing setup()
2022-09-28 22:25:09,765:INFO:setup(target=stroke, ml_usecase=regression, available_plots={'parameter': 'Hyperparameters', 'residuals': 'Residuals', 'error': 'Prediction Error', 'cooks': 'Cooks Distance', 'rfe': 'Feature Selection', 'learning': 'Learning Curve', 'manifold': 'Manifold Learning', 'vc': 'Validation Curve', 'feature': 'Feature Importance', 'feature_all': 'Feature Importance (All)', 'tree': 'Decision Tree'}, train_size=0.7, test_data=None, preprocess=True, imputation_type=simple, iterative_imputation_iters=5, categorical_features=None, categorical_imputation=constant, categorical_iterative_imputer=lightgbm, ordinal_features=None, high_cardinality_features=None, high_cardinality_method=frequency, numeric_features=None, numeric_imputation=mean, numeric_iterative_imputer=lightgbm, date_features=None, ignore_features=None, normalize=False, normalize_method=zscore, transformation=False, transformation_method=yeo-johnson, handle_unknown_categorical=True, unknown_categorical_method=least_frequent, pca=False, pca_method=linear, pca_components=None, ignore_low_variance=False, combine_rare_levels=False, rare_level_threshold=0.1, bin_numeric_features=None, remove_outliers=False, outliers_threshold=0.05, remove_multicollinearity=False, multicollinearity_threshold=0.9, remove_perfect_collinearity=True, create_clusters=False, cluster_iter=20, polynomial_features=False, polynomial_degree=2, trigonometry_features=False, polynomial_threshold=0.1, group_features=None, group_names=None, feature_selection=False, feature_selection_threshold=0.8, feature_selection_method=classic, feature_interaction=False, feature_ratio=False, interaction_threshold=0.01, fix_imbalance=False, fix_imbalance_method=None, transform_target=False, transform_target_method=box-cox, data_split_shuffle=True, data_split_stratify=False, fold_strategy=kfold, fold=10, fold_shuffle=True, fold_groups=None, n_jobs=-1, use_gpu=False, custom_pipeline=None, html=True, session_id=2, log_experiment=False, experiment_name=None, log_plots=False, log_profile=False, log_data=False, silent=False, verbose=True, profile=False, profile_kwargs=None, display=None)
2022-09-28 22:25:09,765:INFO:Checking environment
2022-09-28 22:25:09,765:INFO:python_version: 3.9.12
2022-09-28 22:25:09,765:INFO:python_build: ('main', 'Apr  4 2022 05:22:27')
2022-09-28 22:25:09,765:INFO:machine: AMD64
2022-09-28 22:25:09,766:INFO:platform: Windows-10-10.0.19044-SP0
2022-09-28 22:25:09,766:INFO:Memory: svmem(total=16959000576, available=9505587200, percent=43.9, used=7453413376, free=9505587200)
2022-09-28 22:25:09,766:INFO:Physical Core: 4
2022-09-28 22:25:09,766:INFO:Logical Core: 8
2022-09-28 22:25:09,766:INFO:Checking libraries
2022-09-28 22:25:09,766:INFO:pd==1.4.2
2022-09-28 22:25:09,766:INFO:numpy==1.21.5
2022-09-28 22:25:09,766:INFO:sklearn==1.1.2
2022-09-28 22:25:09,766:INFO:xgboost==1.6.1
2022-09-28 22:25:09,766:INFO:lightgbm==3.3.2
2022-09-28 22:25:09,766:INFO:catboost==1.0.6
2022-09-28 22:25:09,766:INFO:mlflow==1.28.0
2022-09-28 22:25:09,766:INFO:Checking Exceptions
2022-09-28 22:25:09,767:INFO:Declaring global variables
2022-09-28 22:25:09,767:INFO:USI: db21
2022-09-28 22:25:09,767:INFO:pycaret_globals: {'experiment__', 'y_test', 'logging_param', 'fold_shuffle_param', 'gpu_param', 'X_train', 'target_param', 'master_model_container', 'transform_target_method_param', '_available_plots', 'y_train', 'stratify_param', 'n_jobs_param', 'prep_pipe', '_all_metrics', '_gpu_n_jobs_param', 'y', '_internal_pipeline', 'X_test', 'iterative_imputation_iters_param', 'create_model_container', '_all_models_internal', 'imputation_classifier', 'html_param', 'exp_name_log', 'imputation_regressor', 'fold_param', 'log_plots_param', 'X', 'transform_target_param', 'data_before_preprocess', 'fold_generator', 'pycaret_globals', 'seed', '_ml_usecase', '_all_models', 'USI', 'fix_imbalance_method_param', 'fix_imbalance_param', 'fold_groups_param', 'display_container'}
2022-09-28 22:25:09,767:INFO:Preparing display monitor
2022-09-28 22:25:09,767:INFO:Preparing display monitor
2022-09-28 22:25:09,777:INFO:Importing libraries
2022-09-28 22:25:09,777:INFO:Copying data for preprocessing
2022-09-28 22:25:09,782:INFO:Declaring preprocessing parameters
2022-09-28 22:25:09,784:INFO:Creating preprocessing pipeline
2022-09-28 22:25:09,791:INFO:Preprocessing pipeline created successfully
2022-09-28 22:25:09,791:ERROR:(Process Exit): setup has been interupted with user command 'quit'. setup must rerun.
2022-09-28 22:25:09,791:INFO:Creating global containers
2022-09-28 22:25:09,792:INFO:Internal pipeline: Pipeline(memory=None, steps=[('empty_step', 'passthrough')], verbose=False)
